<?xml version="1.0" encoding="UTF-8"?>
<!-- Generated by org.testng.reporters.JUnitXMLReporter -->
<testsuite hostname="IABLR-LT155" name="chromeTest" tests="7" failures="0" timestamp="3 Dec 2019 07:23:59 GMT" time="183.846" errors="0">
  <testcase name="loginTest" time="7.751" classname="com.joann.testcases.TC_LoginTest_001"/>
  <testcase name="allocationBasicScreen" time="17.093" classname="com.joann.testcases.TC_Allocation_Basics_004"/>
  <testcase name="articleSelectionScreen" time="14.485" classname="com.joann.testcases.TC_Article_Selection_009"/>
  <testcase name="siteExclusionScreen" time="17.319" classname="com.joann.testcases.TC_Site_Exclusion_005"/>
  <testcase name="stratergyScreenWoInputs" time="26.941" classname="com.joann.testcases.TC_StratergywoInputs_011"/>
  <testcase name="finalizeAllocationScreen" time="46.232" classname="com.joann.testcases.TC_FinalizeAllocation_010"/>
  <testcase name="createNewAllocation" time="32.319" classname="com.joann.testcases.TC_CreateAllocation_003"/>
</testsuite> <!-- chromeTest -->
